<?xml version="1.0" encoding="UTF-8"?>
<testng-results skipped="0" failed="0" ignored="0" total="2" passed="2">
  <reporter-output>
  </reporter-output>
  <suite name="Default suite" duration-ms="39874" started-at="2019-08-23T10:16:09Z" finished-at="2019-08-23T10:16:49Z">
    <groups>
    </groups>
    <test name="Default test" duration-ms="39874" started-at="2019-08-23T10:16:09Z" finished-at="2019-08-23T10:16:49Z">
      <class name="com.zoopla.tests.HomePageTest">
        <test-method status="PASS" signature="setupHomePage()[pri:0, instance:com.zoopla.tests.HomePageTest@a86356]" name="setupHomePage" is-config="true" duration-ms="14428" started-at="2019-08-23T10:16:09Z" finished-at="2019-08-23T10:16:23Z">
          <reporter-output>
          </reporter-output>
        </test-method> <!-- setupHomePage -->
        <test-method status="PASS" signature="verifyForSalePageLocationTest()[pri:0, instance:com.zoopla.tests.HomePageTest@a86356]" name="verifyForSalePageLocationTest" duration-ms="16752" started-at="2019-08-23T10:16:23Z" finished-at="2019-08-23T10:16:40Z">
          <reporter-output>
          </reporter-output>
        </test-method> <!-- verifyForSalePageLocationTest -->
        <test-method status="PASS" signature="teardown()[pri:0, instance:com.zoopla.tests.HomePageTest@a86356]" name="teardown" is-config="true" duration-ms="692" started-at="2019-08-23T10:16:40Z" finished-at="2019-08-23T10:16:41Z">
          <reporter-output>
          </reporter-output>
        </test-method> <!-- teardown -->
        <test-method status="PASS" signature="setupHomePage()[pri:0, instance:com.zoopla.tests.HomePageTest@a86356]" name="setupHomePage" is-config="true" duration-ms="7256" started-at="2019-08-23T10:16:41Z" finished-at="2019-08-23T10:16:48Z">
          <reporter-output>
          </reporter-output>
        </test-method> <!-- setupHomePage -->
        <test-method status="PASS" signature="verifyhomePageTitleTest()[pri:0, instance:com.zoopla.tests.HomePageTest@a86356]" name="verifyhomePageTitleTest" duration-ms="15" started-at="2019-08-23T10:16:48Z" finished-at="2019-08-23T10:16:48Z">
          <reporter-output>
          </reporter-output>
        </test-method> <!-- verifyhomePageTitleTest -->
        <test-method status="PASS" signature="teardown()[pri:0, instance:com.zoopla.tests.HomePageTest@a86356]" name="teardown" is-config="true" duration-ms="698" started-at="2019-08-23T10:16:48Z" finished-at="2019-08-23T10:16:49Z">
          <reporter-output>
          </reporter-output>
        </test-method> <!-- teardown -->
      </class> <!-- com.zoopla.tests.HomePageTest -->
    </test> <!-- Default test -->
  </suite> <!-- Default suite -->
</testng-results>
